<?xml version="1.0" encoding="UTF-8"?>
<!-- Generated by org.testng.reporters.JUnitReportReporter -->
<testsuite hostname="shree-PC" name="Dataproviderdemo.dataprovider" tests="2" failures="0" timestamp="28 Nov 2018 05:30:17 GMT" time="0.018" errors="0">
  <testcase name="f" time="0.015" classname="Dataproviderdemo.dataprovider"/>
  <testcase name="f" time="0.003" classname="Dataproviderdemo.dataprovider"/>
</testsuite> <!-- Dataproviderdemo.dataprovider -->
