<?xml version="1.0" encoding="UTF-8"?>
<!-- Generated by org.testng.reporters.JUnitReportReporter -->
<testsuite hostname="shree-PC" name="Parameterdemo.parameterdemo" tests="1" failures="0" timestamp="28 Nov 2018 05:22:14 GMT" time="0.017" errors="0">
  <testcase name="f" time="0.017" classname="Parameterdemo.parameterdemo"/>
</testsuite> <!-- Parameterdemo.parameterdemo -->
