<?xml version="1.0" encoding="UTF-8"?>
<!-- Generated by org.testng.reporters.JUnitReportReporter -->
<testsuite hostname="shree-PC" name="packageone.SampleTest_messageutil" tests="1" failures="0" timestamp="14 Nov 2018 01:14:01 GMT" time="0.024" errors="0">
  <testcase name="testPrintMessage" time="0.024" classname="packageone.SampleTest_messageutil"/>
</testsuite> <!-- packageone.SampleTest_messageutil -->
