<?xml version="1.0" encoding="UTF-8"?>
<!-- Generated by org.testng.reporters.JUnitReportReporter -->
<testsuite hostname="shree-PC" name="TestSuitexample.ExampleTest2" tests="1" failures="0" timestamp="14 Nov 2018 18:34:11 GMT" time="0.003" errors="0">
  <testcase name="f" time="0.003" classname="TestSuitexample.ExampleTest2"/>
</testsuite> <!-- TestSuitexample.ExampleTest2 -->
