<?xml version="1.0" encoding="UTF-8"?>
<!-- Generated by org.testng.reporters.JUnitReportReporter -->
<testsuite hostname="shree-PC" name="packageone.HelloWorld" tests="2" failures="0" timestamp="14 Nov 2018 18:09:54 GMT" time="3.025" errors="0">
  <testcase name="testCase1" time="3.020" classname="packageone.HelloWorld"/>
  <testcase name="testCase2" time="0.005" classname="packageone.HelloWorld"/>
</testsuite> <!-- packageone.HelloWorld -->
