<?xml version="1.0" encoding="UTF-8"?>
<!-- Generated by org.testng.reporters.JUnitReportReporter -->
<testsuite hostname="shree-PC" name="DependencyDemo.DependsDemo" tests="2" failures="0" timestamp="28 Nov 2018 04:57:19 GMT" time="0.019" errors="0">
  <testcase name="f2" time="0.018" classname="DependencyDemo.DependsDemo"/>
  <testcase name="f1" time="0.001" classname="DependencyDemo.DependsDemo"/>
</testsuite> <!-- DependencyDemo.DependsDemo -->
