<?xml version="1.0" encoding="UTF-8"?>
<!-- Generated by org.testng.reporters.JUnitReportReporter -->
<testsuite hostname="shree-PC" name="TestNgGroupDemo.TestCase1" tests="1" failures="0" timestamp="28 Nov 2018 04:36:43 GMT" time="0.020" errors="0">
  <testcase name="m1" time="0.020" classname="TestNgGroupDemo.TestCase1"/>
</testsuite> <!-- TestNgGroupDemo.TestCase1 -->
