<?xml version="1.0" encoding="UTF-8"?>
<!-- Generated by org.testng.reporters.JUnitReportReporter -->
<testsuite hostname="shree-PC" name="packageone.NewTest2" tests="2" failures="0" timestamp="14 Nov 2018 00:58:36 GMT" time="0.012" errors="0">
  <testcase name="testCase2" time="0.002" classname="packageone.NewTest2"/>
  <testcase name="testCase1" time="0.010" classname="packageone.NewTest2"/>
</testsuite> <!-- packageone.NewTest2 -->
