<?xml version="1.0" encoding="UTF-8"?>
<!-- Generated by org.testng.reporters.JUnitReportReporter -->
<testsuite hostname="shree-PC" name="TestngExceptionDemo.TestException" tests="1" failures="0" timestamp="28 Nov 2018 04:49:33 GMT" time="0.019" errors="0">
  <testcase name="f" time="0.019" classname="TestngExceptionDemo.TestException"/>
</testsuite> <!-- TestngExceptionDemo.TestException -->
