<?xml version="1.0" encoding="UTF-8"?>
<!-- Generated by org.testng.reporters.JUnitReportReporter -->
<testsuite hostname="shree-PC" name="packageone.NewTest1" tests="1" failures="0" timestamp="14 Nov 2018 00:58:36 GMT" time="0.627" errors="0">
  <testcase name="f" time="0.627" classname="packageone.NewTest1"/>
</testsuite> <!-- packageone.NewTest1 -->
